<?xml version="1.0" encoding="UTF-8"?>
<testng-results ignored="0" total="4" passed="4" failed="0" skipped="0">
  <reporter-output>
  </reporter-output>
  <suite started-at="2025-10-26T20:30:59 IST" name="All Test Suite" finished-at="2025-10-26T20:31:12 IST" duration-ms="13129">
    <groups>
    </groups>
    <test started-at="2025-10-26T20:30:59 IST" name="Complete Flow Check" finished-at="2025-10-26T20:31:12 IST" duration-ms="13119">
      <class name="DheerajSaini.test.ModifiedStandAloneTest">
        <test-method is-config="true" signature="launchApplication()[pri:0, instance:DheerajSaini.test.ModifiedStandAloneTest@323b36e0]" started-at="2025-10-26T20:30:59 IST" name="launchApplication" finished-at="2025-10-26T20:31:01 IST" duration-ms="2228" status="PASS">
          <reporter-output>
          </reporter-output>
        </test-method> <!-- launchApplication -->
        <test-method signature="firstTest()[pri:0, instance:DheerajSaini.test.ModifiedStandAloneTest@323b36e0]" started-at="2025-10-26T20:31:01 IST" name="firstTest" finished-at="2025-10-26T20:31:08 IST" duration-ms="6401" status="PASS">
          <reporter-output>
          </reporter-output>
        </test-method> <!-- firstTest -->
        <test-method is-config="true" signature="tearDown()[pri:0, instance:DheerajSaini.test.ModifiedStandAloneTest@323b36e0]" started-at="2025-10-26T20:31:08 IST" name="tearDown" finished-at="2025-10-26T20:31:08 IST" duration-ms="139" status="PASS">
          <reporter-output>
          </reporter-output>
        </test-method> <!-- tearDown -->
        <test-method is-config="true" signature="launchApplication()[pri:0, instance:DheerajSaini.test.ModifiedStandAloneTest@323b36e0]" started-at="2025-10-26T20:31:08 IST" name="launchApplication" finished-at="2025-10-26T20:31:10 IST" duration-ms="1785" status="PASS">
          <reporter-output>
          </reporter-output>
        </test-method> <!-- launchApplication -->
        <test-method signature="OrderHistory()[pri:0, instance:DheerajSaini.test.ModifiedStandAloneTest@323b36e0]" started-at="2025-10-26T20:31:10 IST" name="OrderHistory" finished-at="2025-10-26T20:31:12 IST" depends-on-methods="DheerajSaini.test.ModifiedStandAloneTest.firstTest" duration-ms="2372" status="PASS">
          <reporter-output>
          </reporter-output>
        </test-method> <!-- OrderHistory -->
        <test-method is-config="true" signature="tearDown()[pri:0, instance:DheerajSaini.test.ModifiedStandAloneTest@323b36e0]" started-at="2025-10-26T20:31:12 IST" name="tearDown" finished-at="2025-10-26T20:31:12 IST" duration-ms="180" status="PASS">
          <reporter-output>
          </reporter-output>
        </test-method> <!-- tearDown -->
      </class> <!-- DheerajSaini.test.ModifiedStandAloneTest -->
    </test> <!-- Complete Flow Check -->
    <test started-at="2025-10-26T20:30:59 IST" name="Error Validations " finished-at="2025-10-26T20:31:12 IST" duration-ms="13129">
      <class name="DheerajSaini.test.ErrorValidationsTests">
        <test-method is-config="true" signature="launchApplication()[pri:0, instance:DheerajSaini.test.ErrorValidationsTests@1165b38]" started-at="2025-10-26T20:30:59 IST" name="launchApplication" finished-at="2025-10-26T20:31:01 IST" duration-ms="2228" status="PASS">
          <reporter-output>
          </reporter-output>
        </test-method> <!-- launchApplication -->
        <test-method signature="VerifyError()[pri:0, instance:DheerajSaini.test.ErrorValidationsTests@1165b38]" started-at="2025-10-26T20:31:01 IST" name="VerifyError" finished-at="2025-10-26T20:31:06 IST" duration-ms="5070" status="PASS">
          <reporter-output>
          </reporter-output>
        </test-method> <!-- VerifyError -->
        <test-method is-config="true" signature="tearDown()[pri:0, instance:DheerajSaini.test.ErrorValidationsTests@1165b38]" started-at="2025-10-26T20:31:06 IST" name="tearDown" finished-at="2025-10-26T20:31:06 IST" duration-ms="126" status="PASS">
          <reporter-output>
          </reporter-output>
        </test-method> <!-- tearDown -->
        <test-method is-config="true" signature="launchApplication()[pri:0, instance:DheerajSaini.test.ErrorValidationsTests@1165b38]" started-at="2025-10-26T20:31:06 IST" name="launchApplication" finished-at="2025-10-26T20:31:08 IST" duration-ms="1524" status="PASS">
          <reporter-output>
          </reporter-output>
        </test-method> <!-- launchApplication -->
        <test-method signature="verifyWrongItem()[pri:0, instance:DheerajSaini.test.ErrorValidationsTests@1165b38]" started-at="2025-10-26T20:31:08 IST" name="verifyWrongItem" finished-at="2025-10-26T20:31:12 IST" duration-ms="4029" status="PASS">
          <reporter-output>
          </reporter-output>
        </test-method> <!-- verifyWrongItem -->
        <test-method is-config="true" signature="tearDown()[pri:0, instance:DheerajSaini.test.ErrorValidationsTests@1165b38]" started-at="2025-10-26T20:31:12 IST" name="tearDown" finished-at="2025-10-26T20:31:12 IST" duration-ms="138" status="PASS">
          <reporter-output>
          </reporter-output>
        </test-method> <!-- tearDown -->
      </class> <!-- DheerajSaini.test.ErrorValidationsTests -->
    </test> <!-- Error Validations  -->
  </suite> <!-- All Test Suite -->
</testng-results>
